<!DOCTYPE html>
<html>
  <head>
    <meta charset="utf-8"/>
    <title>Test Report</title>
    <link href="assets/style.css" rel="stylesheet" type="text/css"/></head>
  <body onLoad="init()">
    <script>/* This Source Code Form is subject to the terms of the Mozilla Public
 * License, v. 2.0. If a copy of the MPL was not distributed with this file,
 * You can obtain one at http://mozilla.org/MPL/2.0/. */


function toArray(iter) {
    if (iter === null) {
        return null;
    }
    return Array.prototype.slice.call(iter);
}

function find(selector, elem) { // eslint-disable-line no-redeclare
    if (!elem) {
        elem = document;
    }
    return elem.querySelector(selector);
}

function findAll(selector, elem) {
    if (!elem) {
        elem = document;
    }
    return toArray(elem.querySelectorAll(selector));
}

function sortColumn(elem) {
    toggleSortStates(elem);
    const colIndex = toArray(elem.parentNode.childNodes).indexOf(elem);
    let key;
    if (elem.classList.contains('result')) {
        key = keyResult;
    } else if (elem.classList.contains('links')) {
        key = keyLink;
    } else {
        key = keyAlpha;
    }
    sortTable(elem, key(colIndex));
}

function showAllExtras() { // eslint-disable-line no-unused-vars
    findAll('.col-result').forEach(showExtras);
}

function hideAllExtras() { // eslint-disable-line no-unused-vars
    findAll('.col-result').forEach(hideExtras);
}

function showExtras(colresultElem) {
    const extras = colresultElem.parentNode.nextElementSibling;
    const expandcollapse = colresultElem.firstElementChild;
    extras.classList.remove('collapsed');
    expandcollapse.classList.remove('expander');
    expandcollapse.classList.add('collapser');
}

function hideExtras(colresultElem) {
    const extras = colresultElem.parentNode.nextElementSibling;
    const expandcollapse = colresultElem.firstElementChild;
    extras.classList.add('collapsed');
    expandcollapse.classList.remove('collapser');
    expandcollapse.classList.add('expander');
}

function showFilters() {
    const filterItems = document.getElementsByClassName('filter');
    for (let i = 0; i < filterItems.length; i++)
        filterItems[i].hidden = false;
}

function addCollapse() {
    // Add links for show/hide all
    const resulttable = find('table#results-table');
    const showhideall = document.createElement('p');
    showhideall.innerHTML = '<a href="javascript:showAllExtras()">Show all details</a> / ' +
                            '<a href="javascript:hideAllExtras()">Hide all details</a>';
    resulttable.parentElement.insertBefore(showhideall, resulttable);

    // Add show/hide link to each result
    findAll('.col-result').forEach(function(elem) {
        const collapsed = getQueryParameter('collapsed') || 'Passed';
        const extras = elem.parentNode.nextElementSibling;
        const expandcollapse = document.createElement('span');
        if (extras.classList.contains('collapsed')) {
            expandcollapse.classList.add('expander');
        } else if (collapsed.includes(elem.innerHTML)) {
            extras.classList.add('collapsed');
            expandcollapse.classList.add('expander');
        } else {
            expandcollapse.classList.add('collapser');
        }
        elem.appendChild(expandcollapse);

        elem.addEventListener('click', function(event) {
            if (event.currentTarget.parentNode.nextElementSibling.classList.contains('collapsed')) {
                showExtras(event.currentTarget);
            } else {
                hideExtras(event.currentTarget);
            }
        });
    });
}

function getQueryParameter(name) {
    const match = RegExp('[?&]' + name + '=([^&]*)').exec(window.location.search);
    return match && decodeURIComponent(match[1].replace(/\+/g, ' '));
}

function init () { // eslint-disable-line no-unused-vars
    resetSortHeaders();

    addCollapse();

    showFilters();

    sortColumn(find('.initial-sort'));

    findAll('.sortable').forEach(function(elem) {
        elem.addEventListener('click',
            function() {
                sortColumn(elem);
            }, false);
    });
}

function sortTable(clicked, keyFunc) {
    const rows = findAll('.results-table-row');
    const reversed = !clicked.classList.contains('asc');
    const sortedRows = sort(rows, keyFunc, reversed);
    /* Whole table is removed here because browsers acts much slower
     * when appending existing elements.
     */
    const thead = document.getElementById('results-table-head');
    document.getElementById('results-table').remove();
    const parent = document.createElement('table');
    parent.id = 'results-table';
    parent.appendChild(thead);
    sortedRows.forEach(function(elem) {
        parent.appendChild(elem);
    });
    document.getElementsByTagName('BODY')[0].appendChild(parent);
}

function sort(items, keyFunc, reversed) {
    const sortArray = items.map(function(item, i) {
        return [keyFunc(item), i];
    });

    sortArray.sort(function(a, b) {
        const keyA = a[0];
        const keyB = b[0];

        if (keyA == keyB) return 0;

        if (reversed) {
            return keyA < keyB ? 1 : -1;
        } else {
            return keyA > keyB ? 1 : -1;
        }
    });

    return sortArray.map(function(item) {
        const index = item[1];
        return items[index];
    });
}

function keyAlpha(colIndex) {
    return function(elem) {
        return elem.childNodes[1].childNodes[colIndex].firstChild.data.toLowerCase();
    };
}

function keyLink(colIndex) {
    return function(elem) {
        const dataCell = elem.childNodes[1].childNodes[colIndex].firstChild;
        return dataCell == null ? '' : dataCell.innerText.toLowerCase();
    };
}

function keyResult(colIndex) {
    return function(elem) {
        const strings = ['Error', 'Failed', 'Rerun', 'XFailed', 'XPassed',
            'Skipped', 'Passed'];
        return strings.indexOf(elem.childNodes[1].childNodes[colIndex].firstChild.data);
    };
}

function resetSortHeaders() {
    findAll('.sort-icon').forEach(function(elem) {
        elem.parentNode.removeChild(elem);
    });
    findAll('.sortable').forEach(function(elem) {
        const icon = document.createElement('div');
        icon.className = 'sort-icon';
        icon.textContent = 'vvv';
        elem.insertBefore(icon, elem.firstChild);
        elem.classList.remove('desc', 'active');
        elem.classList.add('asc', 'inactive');
    });
}

function toggleSortStates(elem) {
    //if active, toggle between asc and desc
    if (elem.classList.contains('active')) {
        elem.classList.toggle('asc');
        elem.classList.toggle('desc');
    }

    //if inactive, reset all other functions and add ascending active
    if (elem.classList.contains('inactive')) {
        resetSortHeaders();
        elem.classList.remove('inactive');
        elem.classList.add('active');
    }
}

function isAllRowsHidden(value) {
    return value.hidden == false;
}

function filterTable(elem) { // eslint-disable-line no-unused-vars
    const outcomeAtt = 'data-test-result';
    const outcome = elem.getAttribute(outcomeAtt);
    const classOutcome = outcome + ' results-table-row';
    const outcomeRows = document.getElementsByClassName(classOutcome);

    for(let i = 0; i < outcomeRows.length; i++){
        outcomeRows[i].hidden = !elem.checked;
    }

    const rows = findAll('.results-table-row').filter(isAllRowsHidden);
    const allRowsHidden = rows.length == 0 ? true : false;
    const notFoundMessage = document.getElementById('not-found-message');
    notFoundMessage.hidden = !allRowsHidden;
}
</script>
    <h1>report.html</h1>
    <p>Report generated on 15-Jul-2022 at 14:51:00 by <a href="https://pypi.python.org/pypi/pytest-html">pytest-html</a> v3.1.1</p>
    <h2>Environment</h2>
    <table id="environment">
      <tr>
        <td>JAVA_HOME</td>
        <td>C:\Program Files\Java\jdk1.8.0_321</td></tr>
      <tr>
        <td>Packages</td>
        <td>{"pluggy": "0.13.1", "py": "1.11.0", "pytest": "7.1.2"}</td></tr>
      <tr>
        <td>Platform</td>
        <td>Windows-10-10.0.22000-SP0</td></tr>
      <tr>
        <td>Plugins</td>
        <td>{"anyio": "3.5.0", "cov": "3.0.0", "dash": "2.3.0", "forked": "1.4.0", "html": "3.1.1", "metadata": "2.0.1", "mock": "3.8.2", "pytest_check": "1.0.5", "xdist": "2.5.0"}</td></tr>
      <tr>
        <td>Python</td>
        <td>3.9.7</td></tr></table>
    <h2>Summary</h2>
    <p>52 tests ran in 58.46 seconds. </p>
    <p class="filter" hidden="true">(Un)check the boxes to filter the results.</p><input checked="true" class="filter" data-test-result="passed" hidden="true" name="filter_checkbox" onChange="filterTable(this)" type="checkbox"/><span class="passed">40 passed</span>, <input checked="true" class="filter" data-test-result="skipped" hidden="true" name="filter_checkbox" onChange="filterTable(this)" type="checkbox"/><span class="skipped">2 skipped</span>, <input checked="true" class="filter" data-test-result="failed" hidden="true" name="filter_checkbox" onChange="filterTable(this)" type="checkbox"/><span class="failed">9 failed</span>, <input checked="true" class="filter" data-test-result="error" hidden="true" name="filter_checkbox" onChange="filterTable(this)" type="checkbox"/><span class="error">1 errors</span>, <input checked="true" class="filter" data-test-result="xfailed" hidden="true" name="filter_checkbox" onChange="filterTable(this)" type="checkbox"/><span class="xfailed">3 expected failures</span>, <input checked="true" class="filter" data-test-result="xpassed" disabled="true" hidden="true" name="filter_checkbox" onChange="filterTable(this)" type="checkbox"/><span class="xpassed">0 unexpected passes</span>
    <h2>Results</h2>
    <table id="results-table">
      <thead id="results-table-head">
        <tr>
          <th class="sortable result initial-sort" col="result">Result</th>
          <th class="sortable" col="name">Test</th>
          <th class="sortable" col="duration">Duration</th>
          <th class="sortable links" col="links">Links</th></tr>
        <tr hidden="true" id="not-found-message">
          <th colspan="4">No results found. Try to check the filters</th></tr></thead>
      <tbody class="error results-table-row">
        <tr>
          <td class="col-result">Error</td>
          <td class="col-name">test_demo_all.py::test_if_important::setup</td>
          <td class="col-duration">0.00</td>
          <td class="col-links"></td></tr>
        <tr>
          <td class="extra" colspan="4">
            <div class="log">file c:\Users\Convergytics\OneDrive - Convergytics Solutions Private Limited\KPC\test_pytest\test_demo_all.py, line 133<br/>  def test_if_important(important_value):<br/><span class="error">E       fixture &#x27;important_value&#x27; not found</span><br/>&gt;       available fixtures: anyio_backend, anyio_backend_name, anyio_backend_options, cache, capfd, capfdbinary, caplog, capsys, capsysbinary, check, class_mocker, cov, dash_br, dash_duo, dash_process_server, dash_thread_server, dashjl, dashjl_server, dashr, dashr_server, diskcache_manager, doctest_namespace, expected_data, extra, include_metadata_in_junit_xml, metadata, mocker, module_mocker, monkeypatch, no_cover, package_mocker, pytestconfig, record_property, record_testsuite_property, record_xml_attribute, recwarn, session_mocker, testrun_uid, tmp_path, tmp_path_factory, tmpdir, tmpdir_factory, worker_id<br/>&gt;       use &#x27;pytest --fixtures [testpath]&#x27; for help on them.<br/><br/>c:\Users\Convergytics\OneDrive - Convergytics Solutions Private Limited\KPC\test_pytest\test_demo_all.py:133<br/></div></td></tr></tbody>
      <tbody class="failed results-table-row">
        <tr>
          <td class="col-result">Failed</td>
          <td class="col-name">parameterize_test.py::test_math[2;3;False]</td>
          <td class="col-duration">0.00</td>
          <td class="col-links"></td></tr>
        <tr>
          <td class="extra" colspan="4">
            <div class="log">call_par = &#x27;2;3;False&#x27;<br/><br/>    @pytest.mark.parametrize(&#x27;call_par&#x27;, call_par)<br/>    def test_math(call_par):<br/>        &quot;&quot;&quot;<br/>        Our simple code will compare each scenario&#x27;s first and second argument and check if they are equal.<br/>        We will print a message saying if they are equal or not.<br/>    <br/>        developer: kpc<br/>        tester: kpc<br/>        &quot;&quot;&quot;<br/>        (old_value, new_value, equals) = call_par.split(&#x27;;&#x27;)<br/>        print(&quot;it is &quot; + equals + &quot; that &quot; + old_value + &quot; is equal to &quot; + new_value)<br/>&gt;       assert old_value == new_value<br/><span class="error">E       AssertionError: assert &#x27;2&#x27; == &#x27;3&#x27;</span><br/><span class="error">E         - 3</span><br/><span class="error">E         + 2</span><br/><br/>parameterize_test.py:18: AssertionError<br/> ------------------------------Captured stdout call------------------------------ <br/>it is False that 2 is equal to 3
<br/></div></td></tr></tbody>
      <tbody class="failed results-table-row">
        <tr>
          <td class="col-result">Failed</td>
          <td class="col-name">test_assert_exceptions.py::test_validate_input_1</td>
          <td class="col-duration">0.00</td>
          <td class="col-links"></td></tr>
        <tr>
          <td class="extra" colspan="4">
            <div class="log">def test_validate_input_1():<br/>        with pytest.raises(ValueError):<br/>            validate_input(&quot;&quot;)<br/>&gt;       assert validate_input(&quot;test&quot;) == &quot;text&quot;<br/><span class="error">E       AssertionError: assert &#x27;test&#x27; == &#x27;text&#x27;</span><br/><span class="error">E         - text</span><br/><span class="error">E         ?   ^</span><br/><span class="error">E         + test</span><br/><span class="error">E         ?   ^</span><br/><br/>test_assert_exceptions.py:12: AssertionError<br/></div></td></tr></tbody>
      <tbody class="failed results-table-row">
        <tr>
          <td class="col-result">Failed</td>
          <td class="col-name">test_assert_exceptions.py::test_validate_input_2</td>
          <td class="col-duration">0.00</td>
          <td class="col-links"></td></tr>
        <tr>
          <td class="extra" colspan="4">
            <div class="log">def test_validate_input_2():<br/>        with pytest.raises(ValueError, match=&quot;Input cannot be empty&quot;):<br/>&gt;           validate_input(&quot;test&quot;)<br/><span class="error">E           Failed: DID NOT RAISE &lt;class &#x27;ValueError&#x27;&gt;</span><br/><br/>test_assert_exceptions.py:16: Failed<br/></div></td></tr></tbody>
      <tbody class="failed results-table-row">
        <tr>
          <td class="col-result">Failed</td>
          <td class="col-name">test_basic.py::test_that_always_fails</td>
          <td class="col-duration">0.00</td>
          <td class="col-links"></td></tr>
        <tr>
          <td class="extra" colspan="4">
            <div class="log">def test_that_always_fails():<br/>        a = 1<br/>        b = 2<br/>&gt;       assert a == b<br/><span class="error">E       assert 1 == 2</span><br/><br/>test_basic.py:12: AssertionError<br/></div></td></tr></tbody>
      <tbody class="failed results-table-row">
        <tr>
          <td class="col-result">Failed</td>
          <td class="col-name">test_demo_all.py::test_double_pass</td>
          <td class="col-duration">0.00</td>
          <td class="col-links"></td></tr>
        <tr>
          <td class="extra" colspan="4">
            <div class="log">[XPASS(strict)]<br/></div></td></tr></tbody>
      <tbody class="failed results-table-row">
        <tr>
          <td class="col-result">Failed</td>
          <td class="col-name">test_demo_all.py::test_negative_corrected</td>
          <td class="col-duration">0.00</td>
          <td class="col-links"></td></tr>
        <tr>
          <td class="extra" colspan="4">
            <div class="log">@pytest.mark.xfail(strict=True, raises=ValueError)<br/>    def test_negative_corrected():<br/>        # When called with a negative value for n, this test raises ValueError!<br/>        # See bug #1<br/>        v = -4<br/>&gt;       assert not is_perfect_square(w)<br/><span class="error">E       NameError: name &#x27;w&#x27; is not defined</span><br/><br/>test_demo_all.py:80: NameError<br/></div></td></tr></tbody>
      <tbody class="failed results-table-row">
        <tr>
          <td class="col-result">Failed</td>
          <td class="col-name">test_demo_all.py::test_multiply[8-9-80]</td>
          <td class="col-duration">0.00</td>
          <td class="col-links"></td></tr>
        <tr>
          <td class="extra" colspan="4">
            <div class="log">input1 = 8, input2 = 9, output = 80<br/><br/>    @pytest.mark.parametrize(&quot;input1, input2, output&quot;, [(2,2,4), (5,6,30), (8,9,80)])<br/>    def test_multiply(input1, input2, output):<br/>&gt;       assert input1 * input2 == output<br/><span class="error">E       assert (8 * 9) == 80</span><br/><br/>test_demo_all.py:101: AssertionError<br/></div></td></tr></tbody>
      <tbody class="failed results-table-row">
        <tr>
          <td class="col-result">Failed</td>
          <td class="col-name">test_markers_example.py::test_sum</td>
          <td class="col-duration">0.00</td>
          <td class="col-links"></td></tr>
        <tr>
          <td class="extra" colspan="4">
            <div class="log">@pytest.mark.others<br/>    def test_sum():<br/>&gt;       assert sum(1, 2) == 5<br/><span class="error">E       assert 3 == 5</span><br/><span class="error">E        +  where 3 = sum(1, 2)</span><br/><br/>test_markers_example.py:22: AssertionError<br/></div></td></tr></tbody>
      <tbody class="failed results-table-row">
        <tr>
          <td class="col-result">Failed</td>
          <td class="col-name">test_metrices.py::test_accuracy_score</td>
          <td class="col-duration">0.00</td>
          <td class="col-links"></td></tr>
        <tr>
          <td class="extra" colspan="4">
            <div class="log">def test_accuracy_score():<br/>        y_preds = [0, 2, 1, 3]<br/>        y_true = [0, 1, 2, 3]<br/>    <br/>&gt;       assert_almost_equal(accuracy_score(y_true, y_preds), 1.0)<br/><span class="error">E       AssertionError: </span><br/><span class="error">E       Arrays are not almost equal to 7 decimals</span><br/><span class="error">E        ACTUAL: 0.5</span><br/><span class="error">E        DESIRED: 1.0</span><br/><br/>test_metrices.py:15: AssertionError<br/></div></td></tr></tbody>
      <tbody class="xfailed results-table-row">
        <tr>
          <td class="col-result">XFailed</td>
          <td class="col-name">test_demo_all.py::test_double</td>
          <td class="col-duration">0.00</td>
          <td class="col-links"></td></tr>
        <tr>
          <td class="extra" colspan="4">
            <div class="log">@pytest.mark.xfail<br/>    def test_double():<br/>    <br/>        x = 5<br/>    <br/>&gt;       assert x*2 == 12, &quot;Result should be 10&quot;<br/><span class="error">E       AssertionError: Result should be 10</span><br/><span class="error">E       assert (5 * 2) == 12</span><br/><br/>test_demo_all.py:38: AssertionError<br/></div></td></tr></tbody>
      <tbody class="xfailed results-table-row">
        <tr>
          <td class="col-result">XFailed</td>
          <td class="col-name">test_demo_all.py::test_negative</td>
          <td class="col-duration">0.00</td>
          <td class="col-links"></td></tr>
        <tr>
          <td class="extra" colspan="4">
            <div class="log">@pytest.mark.xfail(<br/>        reason=&quot;Bug #1: Negative values not supported&quot;,<br/>        strict=True<br/>    )<br/>    def test_negative():<br/>        # When called with a negative value for n, this test raises ValueError!<br/>        v = -4<br/>&gt;       assert not is_perfect_square(w)<br/><span class="error">E       NameError: name &#x27;w&#x27; is not defined</span><br/><br/>test_demo_all.py:63: NameError<br/></div></td></tr></tbody>
      <tbody class="xfailed results-table-row">
        <tr>
          <td class="col-result">XFailed</td>
          <td class="col-name">test_markers_example.py::test_sum_xfail</td>
          <td class="col-duration">0.00</td>
          <td class="col-links"></td></tr>
        <tr>
          <td class="extra" colspan="4">
            <div class="log">@pytest.mark.xfail(reason=&quot;expected to fail - will fix later&quot;)<br/>    def test_sum_xfail():<br/>&gt;       assert sum(&#x27;1&#x27;, 2) == 4<br/><br/>test_markers_example.py:14: <br/>_ _ _ _ _ _ _ _ _ _ _ _ _ _ _ _ _ _ _ _ _ _ _ _ _ _ _ _ _ _ _ _ _ _ _ _ _ _ _ _ <br/><br/>a = &#x27;1&#x27;, b = 2<br/><br/>    def sum(a, b):<br/>&gt;       return a + b<br/><span class="error">E       TypeError: can only concatenate str (not &quot;int&quot;) to str</span><br/><br/>test_markers_example.py:6: TypeError<br/></div></td></tr></tbody>
      <tbody class="skipped results-table-row">
        <tr>
          <td class="col-result">Skipped</td>
          <td class="col-name">test_demo_all.py::test_square</td>
          <td class="col-duration">0.00</td>
          <td class="col-links"></td></tr>
        <tr>
          <td class="extra" colspan="4">
            <div class="log">(&#x27;c:\\Users\\Convergytics\\OneDrive - Convergytics Solutions Private Limited\\KPC\\test_pytest\\test_demo_all.py&#x27;, 22, &#x27;Skipped: unconditional skip&#x27;)<br/></div></td></tr></tbody>
      <tbody class="skipped results-table-row">
        <tr>
          <td class="col-result">Skipped</td>
          <td class="col-name">test_markers_example.py::test_sum_xfail_skipif</td>
          <td class="col-duration">0.00</td>
          <td class="col-links"></td></tr>
        <tr>
          <td class="extra" colspan="4">
            <div class="log">(&#x27;C:\\Users\\Convergytics\\OneDrive - Convergytics Solutions Private Limited\\KPC\\test_pytest\\test_markers_example.py&#x27;, 16, &#x27;Skipped: functionality not supported for python 3.7 and above&#x27;)<br/></div></td></tr></tbody>
      <tbody class="passed results-table-row">
        <tr>
          <td class="col-result">Passed</td>
          <td class="col-name">parameterize_test.py::test_math[4;4;True]</td>
          <td class="col-duration">0.00</td>
          <td class="col-links"></td></tr>
        <tr>
          <td class="extra" colspan="4">
            <div class="log"> ------------------------------Captured stdout call------------------------------ <br/>it is True that 4 is equal to 4
<br/></div></td></tr></tbody>
      <tbody class="passed results-table-row">
        <tr>
          <td class="col-result">Passed</td>
          <td class="col-name">parameterize_test.py::test_math[5;5;True]</td>
          <td class="col-duration">0.00</td>
          <td class="col-links"></td></tr>
        <tr>
          <td class="extra" colspan="4">
            <div class="log"> ------------------------------Captured stdout call------------------------------ <br/>it is True that 5 is equal to 5
<br/></div></td></tr></tbody>
      <tbody class="passed results-table-row">
        <tr>
          <td class="col-result">Passed</td>
          <td class="col-name">test_basic.py::test_that_always_passes</td>
          <td class="col-duration">0.00</td>
          <td class="col-links"></td></tr>
        <tr>
          <td class="extra" colspan="4">
            <div class="empty log">No log output captured.</div></td></tr></tbody>
      <tbody class="passed results-table-row">
        <tr>
          <td class="col-result">Passed</td>
          <td class="col-name">test_demo_all.py::tests_add</td>
          <td class="col-duration">0.00</td>
          <td class="col-links"></td></tr>
        <tr>
          <td class="extra" colspan="4">
            <div class="empty log">No log output captured.</div></td></tr></tbody>
      <tbody class="passed results-table-row">
        <tr>
          <td class="col-result">Passed</td>
          <td class="col-name">test_demo_all.py::test_multiply[2-2-4]</td>
          <td class="col-duration">0.00</td>
          <td class="col-links"></td></tr>
        <tr>
          <td class="extra" colspan="4">
            <div class="empty log">No log output captured.</div></td></tr></tbody>
      <tbody class="passed results-table-row">
        <tr>
          <td class="col-result">Passed</td>
          <td class="col-name">test_demo_all.py::test_multiply[5-6-30]</td>
          <td class="col-duration">0.00</td>
          <td class="col-links"></td></tr>
        <tr>
          <td class="extra" colspan="4">
            <div class="empty log">No log output captured.</div></td></tr></tbody>
      <tbody class="passed results-table-row">
        <tr>
          <td class="col-result">Passed</td>
          <td class="col-name">test_demo_all.py::test_product</td>
          <td class="col-duration">0.00</td>
          <td class="col-links"></td></tr>
        <tr>
          <td class="extra" colspan="4">
            <div class="empty log">No log output captured.</div></td></tr></tbody>
      <tbody class="passed results-table-row">
        <tr>
          <td class="col-result">Passed</td>
          <td class="col-name">test_demo_all.py::test_tokenize</td>
          <td class="col-duration">0.00</td>
          <td class="col-links"></td></tr>
        <tr>
          <td class="extra" colspan="4">
            <div class="empty log">No log output captured.</div></td></tr></tbody>
      <tbody class="passed results-table-row">
        <tr>
          <td class="col-result">Passed</td>
          <td class="col-name">test_fixtures.py::test_1</td>
          <td class="col-duration">15.67</td>
          <td class="col-links"></td></tr>
        <tr>
          <td class="extra" colspan="4">
            <div class="log"> -----------------------------Captured stdout setup------------------------------ <br/>Start Browser
<br/> -----------------------------Captured stderr setup------------------------------ <br/>

====== WebDriver manager ======
Current google-chrome version is 103.0.5060
Get LATEST chromedriver version for 103.0.5060 google-chrome
Driver [C:\Users\Convergytics\.wdm\drivers\chromedriver\win32\103.0.5060.53\chromedriver.exe] found in cache
<br/> -------------------------------Captured log setup------------------------------- <br/>INFO     WDM:logger.py:27 

INFO     WDM:logger.py:27 ====== WebDriver manager ======
INFO     WDM:logger.py:27 Current google-chrome version is 103.0.5060
INFO     WDM:logger.py:27 Get LATEST chromedriver version for 103.0.5060 google-chrome
INFO     WDM:logger.py:27 Driver [C:\Users\Convergytics\.wdm\drivers\chromedriver\win32\103.0.5060.53\chromedriver.exe] found in cache<br/> ------------------------------Captured stdout call------------------------------ <br/>Connection 1 successful
<br/> ----------------------------Captured stdout teardown---------------------------- <br/>Browser closed
<br/></div></td></tr></tbody>
      <tbody class="passed results-table-row">
        <tr>
          <td class="col-result">Passed</td>
          <td class="col-name">test_fixtures.py::test_2</td>
          <td class="col-duration">14.06</td>
          <td class="col-links"></td></tr>
        <tr>
          <td class="extra" colspan="4">
            <div class="log"> -----------------------------Captured stdout setup------------------------------ <br/>Start Browser
<br/> -----------------------------Captured stderr setup------------------------------ <br/>

====== WebDriver manager ======
Current google-chrome version is 103.0.5060
Get LATEST chromedriver version for 103.0.5060 google-chrome
Driver [C:\Users\Convergytics\.wdm\drivers\chromedriver\win32\103.0.5060.53\chromedriver.exe] found in cache
<br/> -------------------------------Captured log setup------------------------------- <br/>INFO     WDM:logger.py:27 

INFO     WDM:logger.py:27 ====== WebDriver manager ======
INFO     WDM:logger.py:27 Current google-chrome version is 103.0.5060
INFO     WDM:logger.py:27 Get LATEST chromedriver version for 103.0.5060 google-chrome
INFO     WDM:logger.py:27 Driver [C:\Users\Convergytics\.wdm\drivers\chromedriver\win32\103.0.5060.53\chromedriver.exe] found in cache<br/> ------------------------------Captured stdout call------------------------------ <br/>Connection 2 successful
<br/> ----------------------------Captured stdout teardown---------------------------- <br/>Browser closed
<br/></div></td></tr></tbody>
      <tbody class="passed results-table-row">
        <tr>
          <td class="col-result">Passed</td>
          <td class="col-name">test_fixtures_example.py::test_methodA</td>
          <td class="col-duration">0.00</td>
          <td class="col-links"></td></tr>
        <tr>
          <td class="extra" colspan="4">
            <div class="log"> -----------------------------Captured stdout setup------------------------------ <br/>Runs once before every test of set_up
<br/> ------------------------------Captured stdout call------------------------------ <br/>Runs once before every test
Runs once after every test
<br/></div></td></tr></tbody>
      <tbody class="passed results-table-row">
        <tr>
          <td class="col-result">Passed</td>
          <td class="col-name">test_fixtures_example.py::test_methodB</td>
          <td class="col-duration">0.00</td>
          <td class="col-links"></td></tr>
        <tr>
          <td class="extra" colspan="4">
            <div class="log"> -----------------------------Captured stdout setup------------------------------ <br/>Runs once before every test of tear_down
<br/> ------------------------------Captured stdout call------------------------------ <br/>Runs once before every test
Runs once after every test
<br/> ----------------------------Captured stdout teardown---------------------------- <br/>Runs once after every test at the end of tear_down
<br/></div></td></tr></tbody>
      <tbody class="passed results-table-row">
        <tr>
          <td class="col-result">Passed</td>
          <td class="col-name">test_fixtures_example.py::test_methodC</td>
          <td class="col-duration">0.00</td>
          <td class="col-links"></td></tr>
        <tr>
          <td class="extra" colspan="4">
            <div class="log"> ------------------------------Captured stdout call------------------------------ <br/>Runs once before every test
Runs once after every test
<br/> ----------------------------Captured stdout teardown---------------------------- <br/>Runs once after every test at the end of set_up
<br/></div></td></tr></tbody>
      <tbody class="passed results-table-row">
        <tr>
          <td class="col-result">Passed</td>
          <td class="col-name">test_fixtures_example_real.py::test_method_1</td>
          <td class="col-duration">0.00</td>
          <td class="col-links"></td></tr>
        <tr>
          <td class="extra" colspan="4">
            <div class="log"> -----------------------------Captured stdout setup------------------------------ <br/>
Connection to DB established

Import the data from the tables

Join the tables
<br/> ------------------------------Captured stdout call------------------------------ <br/>
Test method 1
<br/> ----------------------------Captured stdout teardown---------------------------- <br/>
Close the connection
<br/></div></td></tr></tbody>
      <tbody class="passed results-table-row">
        <tr>
          <td class="col-result">Passed</td>
          <td class="col-name">test_fixtures_example_real.py::test_method_2</td>
          <td class="col-duration">0.00</td>
          <td class="col-links"></td></tr>
        <tr>
          <td class="extra" colspan="4">
            <div class="log"> -----------------------------Captured stdout setup------------------------------ <br/>
Connection to DB established

Import the data from the tables

Join the tables
<br/> ------------------------------Captured stdout call------------------------------ <br/>
Test method 2
<br/> ----------------------------Captured stdout teardown---------------------------- <br/>
Close the connection
<br/></div></td></tr></tbody>
      <tbody class="passed results-table-row">
        <tr>
          <td class="col-result">Passed</td>
          <td class="col-name">test_fixtures_example_real.py::test_method_3</td>
          <td class="col-duration">0.00</td>
          <td class="col-links"></td></tr>
        <tr>
          <td class="extra" colspan="4">
            <div class="log"> ------------------------------Captured stdout call------------------------------ <br/>
Test method 3
<br/></div></td></tr></tbody>
      <tbody class="passed results-table-row">
        <tr>
          <td class="col-result">Passed</td>
          <td class="col-name">test_linear_model.py::test_model_return_object</td>
          <td class="col-duration">0.01</td>
          <td class="col-links"></td></tr>
        <tr>
          <td class="extra" colspan="4">
            <div class="empty log">No log output captured.</div></td></tr></tbody>
      <tbody class="passed results-table-row">
        <tr>
          <td class="col-result">Passed</td>
          <td class="col-name">test_linear_model.py::test_model_return_vals</td>
          <td class="col-duration">0.00</td>
          <td class="col-links"></td></tr>
        <tr>
          <td class="extra" colspan="4">
            <div class="empty log">No log output captured.</div></td></tr></tbody>
      <tbody class="passed results-table-row">
        <tr>
          <td class="col-result">Passed</td>
          <td class="col-name">test_linear_model.py::test_model_save_load</td>
          <td class="col-duration">0.00</td>
          <td class="col-links"></td></tr>
        <tr>
          <td class="extra" colspan="4">
            <div class="empty log">No log output captured.</div></td></tr></tbody>
      <tbody class="passed results-table-row">
        <tr>
          <td class="col-result">Passed</td>
          <td class="col-name">test_linear_model.py::test_loaded_model_works</td>
          <td class="col-duration">0.00</td>
          <td class="col-links"></td></tr>
        <tr>
          <td class="extra" colspan="4">
            <div class="empty log">No log output captured.</div></td></tr></tbody>
      <tbody class="passed results-table-row">
        <tr>
          <td class="col-result">Passed</td>
          <td class="col-name">test_linear_model.py::test_model_works_data_range_sign_change</td>
          <td class="col-duration">0.01</td>
          <td class="col-links"></td></tr>
        <tr>
          <td class="extra" colspan="4">
            <div class="empty log">No log output captured.</div></td></tr></tbody>
      <tbody class="passed results-table-row">
        <tr>
          <td class="col-result">Passed</td>
          <td class="col-name">test_linear_model.py::test_noise_impact</td>
          <td class="col-duration">0.00</td>
          <td class="col-links"></td></tr>
        <tr>
          <td class="extra" colspan="4">
            <div class="empty log">No log output captured.</div></td></tr></tbody>
      <tbody class="passed results-table-row">
        <tr>
          <td class="col-result">Passed</td>
          <td class="col-name">test_linear_model.py::test_additive_invariance</td>
          <td class="col-duration">0.01</td>
          <td class="col-links"></td></tr>
        <tr>
          <td class="extra" colspan="4">
            <div class="empty log">No log output captured.</div></td></tr></tbody>
      <tbody class="passed results-table-row">
        <tr>
          <td class="col-result">Passed</td>
          <td class="col-name">test_linear_model.py::test_wrong_input_raises_assertion</td>
          <td class="col-duration">0.00</td>
          <td class="col-links"></td></tr>
        <tr>
          <td class="extra" colspan="4">
            <div class="log"> ------------------------------Captured stdout call------------------------------ <br/>X must be a Numpy array
y must be a Numpy array
Test set fraction must be a floating point number
Test set fraction must be between 0.0 and 1.0
Test set fraction must be between 0.0 and 1.0
Filename must be a string
Row numbers of X and y data must be identical
<br/></div></td></tr></tbody>
      <tbody class="passed results-table-row">
        <tr>
          <td class="col-result">Passed</td>
          <td class="col-name">test_linear_model.py::test_raised_exception</td>
          <td class="col-duration">0.00</td>
          <td class="col-links"></td></tr>
        <tr>
          <td class="extra" colspan="4">
            <div class="empty log">No log output captured.</div></td></tr></tbody>
      <tbody class="passed results-table-row">
        <tr>
          <td class="col-result">Passed</td>
          <td class="col-name">test_metrices.py::test_mean_squared_error</td>
          <td class="col-duration">0.00</td>
          <td class="col-links"></td></tr>
        <tr>
          <td class="extra" colspan="4">
            <div class="empty log">No log output captured.</div></td></tr></tbody>
      <tbody class="passed results-table-row">
        <tr>
          <td class="col-result">Passed</td>
          <td class="col-name">test_metrices.py::test_mean_squared_error_squared</td>
          <td class="col-duration">0.00</td>
          <td class="col-links"></td></tr>
        <tr>
          <td class="extra" colspan="4">
            <div class="empty log">No log output captured.</div></td></tr></tbody>
      <tbody class="passed results-table-row">
        <tr>
          <td class="col-result">Passed</td>
          <td class="col-name">test_metrices.py::test_r2_score</td>
          <td class="col-duration">0.00</td>
          <td class="col-links"></td></tr>
        <tr>
          <td class="extra" colspan="4">
            <div class="empty log">No log output captured.</div></td></tr></tbody>
      <tbody class="passed results-table-row">
        <tr>
          <td class="col-result">Passed</td>
          <td class="col-name">test_preprocessing.py::test_one_hot</td>
          <td class="col-duration">0.00</td>
          <td class="col-links"></td></tr>
        <tr>
          <td class="extra" colspan="4">
            <div class="empty log">No log output captured.</div></td></tr></tbody>
      <tbody class="passed results-table-row">
        <tr>
          <td class="col-result">Passed</td>
          <td class="col-name">test_preprocessing.py::test_standard_scaler</td>
          <td class="col-duration">0.00</td>
          <td class="col-links"></td></tr>
        <tr>
          <td class="extra" colspan="4">
            <div class="empty log">No log output captured.</div></td></tr></tbody>
      <tbody class="passed results-table-row">
        <tr>
          <td class="col-result">Passed</td>
          <td class="col-name">test_preprocessing.py::test_polynomial_features</td>
          <td class="col-duration">0.00</td>
          <td class="col-links"></td></tr>
        <tr>
          <td class="extra" colspan="4">
            <div class="empty log">No log output captured.</div></td></tr></tbody>
      <tbody class="passed results-table-row">
        <tr>
          <td class="col-result">Passed</td>
          <td class="col-name">test_preprocessing.py::test_polynomial_features_degree_1</td>
          <td class="col-duration">0.00</td>
          <td class="col-links"></td></tr>
        <tr>
          <td class="extra" colspan="4">
            <div class="empty log">No log output captured.</div></td></tr></tbody>
      <tbody class="passed results-table-row">
        <tr>
          <td class="col-result">Passed</td>
          <td class="col-name">test_sum_num_list_non_param.py::test_sum_number_list_using_non_parametrize</td>
          <td class="col-duration">0.00</td>
          <td class="col-links"></td></tr>
        <tr>
          <td class="extra" colspan="4">
            <div class="empty log">No log output captured.</div></td></tr></tbody>
      <tbody class="passed results-table-row">
        <tr>
          <td class="col-result">Passed</td>
          <td class="col-name">test_sum_num_list_param.py::test_sum_number_list_using_parametrize[list_numbers0-9]</td>
          <td class="col-duration">0.00</td>
          <td class="col-links"></td></tr>
        <tr>
          <td class="extra" colspan="4">
            <div class="empty log">No log output captured.</div></td></tr></tbody>
      <tbody class="passed results-table-row">
        <tr>
          <td class="col-result">Passed</td>
          <td class="col-name">test_sum_num_list_param.py::test_sum_number_list_using_parametrize[list_numbers1-1]</td>
          <td class="col-duration">0.00</td>
          <td class="col-links"></td></tr>
        <tr>
          <td class="extra" colspan="4">
            <div class="empty log">No log output captured.</div></td></tr></tbody>
      <tbody class="passed results-table-row">
        <tr>
          <td class="col-result">Passed</td>
          <td class="col-name">test_sum_num_list_param.py::test_sum_number_list_using_parametrize[list_numbers2-3]</td>
          <td class="col-duration">0.00</td>
          <td class="col-links"></td></tr>
        <tr>
          <td class="extra" colspan="4">
            <div class="empty log">No log output captured.</div></td></tr></tbody>
      <tbody class="passed results-table-row">
        <tr>
          <td class="col-result">Passed</td>
          <td class="col-name">test_sum_num_list_param.py::test_sum_number_list_using_parametrize[list_numbers3-4]</td>
          <td class="col-duration">0.00</td>
          <td class="col-links"></td></tr>
        <tr>
          <td class="extra" colspan="4">
            <div class="empty log">No log output captured.</div></td></tr></tbody>
      <tbody class="passed results-table-row">
        <tr>
          <td class="col-result">Passed</td>
          <td class="col-name">test_sum_num_list_param.py::test_sum_number_list_using_parametrize[list_numbers4-2]</td>
          <td class="col-duration">0.00</td>
          <td class="col-links"></td></tr>
        <tr>
          <td class="extra" colspan="4">
            <div class="empty log">No log output captured.</div></td></tr></tbody>
      <tbody class="passed results-table-row">
        <tr>
          <td class="col-result">Passed</td>
          <td class="col-name">test_webpage.py::test_google</td>
          <td class="col-duration">12.16</td>
          <td class="col-links"></td></tr>
        <tr>
          <td class="extra" colspan="4">
            <div class="log"> ------------------------------Captured stderr call------------------------------ <br/>

====== WebDriver manager ======
Current google-chrome version is 103.0.5060
Get LATEST chromedriver version for 103.0.5060 google-chrome
Driver [C:\Users\Convergytics\.wdm\drivers\chromedriver\win32\103.0.5060.53\chromedriver.exe] found in cache
<br/> -------------------------------Captured log call-------------------------------- <br/>INFO     WDM:logger.py:27 

INFO     WDM:logger.py:27 ====== WebDriver manager ======
INFO     WDM:logger.py:27 Current google-chrome version is 103.0.5060
INFO     WDM:logger.py:27 Get LATEST chromedriver version for 103.0.5060 google-chrome
INFO     WDM:logger.py:27 Driver [C:\Users\Convergytics\.wdm\drivers\chromedriver\win32\103.0.5060.53\chromedriver.exe] found in cache<br/></div></td></tr></tbody>
      <tbody class="passed results-table-row">
        <tr>
          <td class="col-result">Passed</td>
          <td class="col-name">test_webpage.py::test_fb</td>
          <td class="col-duration">14.80</td>
          <td class="col-links"></td></tr>
        <tr>
          <td class="extra" colspan="4">
            <div class="log"> ------------------------------Captured stderr call------------------------------ <br/>

====== WebDriver manager ======
Current google-chrome version is 103.0.5060
Get LATEST chromedriver version for 103.0.5060 google-chrome
Driver [C:\Users\Convergytics\.wdm\drivers\chromedriver\win32\103.0.5060.53\chromedriver.exe] found in cache
<br/> -------------------------------Captured log call-------------------------------- <br/>INFO     WDM:logger.py:27 

INFO     WDM:logger.py:27 ====== WebDriver manager ======
INFO     WDM:logger.py:27 Current google-chrome version is 103.0.5060
INFO     WDM:logger.py:27 Get LATEST chromedriver version for 103.0.5060 google-chrome
INFO     WDM:logger.py:27 Driver [C:\Users\Convergytics\.wdm\drivers\chromedriver\win32\103.0.5060.53\chromedriver.exe] found in cache<br/></div></td></tr></tbody></table></body></html>